2022-02-18 22:37:00,806 TRACE org.zalando.logbook.DefaultHttpLogWriter [http-nio-9999-exec-5] Incoming Request: 85d8077e25955c85
Remote: 127.0.0.1
GET http://localhost:9999/images/favicon.png HTTP/1.1
accept: image/avif,image/webp,*/*
accept-encoding: gzip, deflate
accept-language: ru-RU,ru;q=0.8,en-US;q=0.5,en;q=0.3
connection: keep-alive
cookie: Idea-eb639721=01caabfa-acb7-4914-a17b-dece45e9d1e8; JSESSIONID=486F64E7C850B81132677076325CB39D; XSRF-TOKEN=fa250736-c605-47c5-bfcc-75e67d3191c1; PHPSESSID=ba6fb272dde09103b290e203c6b75876; SQLiteManager_currentLangue=2
dnt: 1
host: localhost:9999
referer: http://localhost:9999/registration
sec-fetch-dest: image
sec-fetch-mode: no-cors
sec-fetch-site: same-origin
user-agent: Mozilla/5.0 (Windows NT 10.0; Win64; x64; rv:76.0) Gecko/20100101 Firefox/76.0 SEB
2022-02-18 22:37:00,812 TRACE org.zalando.logbook.DefaultHttpLogWriter [http-nio-9999-exec-5] Outgoing Response: 85d8077e25955c85
Duration: 4 ms
HTTP/1.1 200 OK
Accept-Ranges: bytes
Cache-Control: no-cache, no-store, max-age=0, must-revalidate
Connection: keep-alive
Content-Length: 151129
Content-Type: image/png
Date: Fri, 18 Feb 2022 16:37:00 GMT
Expires: 0
Keep-Alive: timeout=60
Last-Modified: Fri, 18 Feb 2022 12:16:13 GMT
Pragma: no-cache
Vary: Origin, Access-Control-Request-Method, Access-Control-Request-Headers
X-Content-Type-Options: nosniff
X-Frame-Options: DENY
X-XSS-Protection: 1; mode=block

<binary>
2022-02-18 22:37:00,812 TRACE org.zalando.logbook.DefaultHttpLogWriter [http-nio-9999-exec-5] Outgoing Response: 85d8077e25955c85
Duration: 4 ms
HTTP/1.1 200 OK
Accept-Ranges: bytes
Cache-Control: no-cache, no-store, max-age=0, must-revalidate
Connection: keep-alive
Content-Length: 151129
Content-Type: image/png
Date: Fri, 18 Feb 2022 16:37:00 GMT
Expires: 0
Keep-Alive: timeout=60
Last-Modified: Fri, 18 Feb 2022 12:16:13 GMT
Pragma: no-cache
Vary: Origin, Access-Control-Request-Method, Access-Control-Request-Headers
X-Content-Type-Options: nosniff
X-Frame-Options: DENY
X-XSS-Protection: 1; mode=block

<binary>
2022-02-18 22:37:00,816 TRACE org.zalando.logbook.DefaultHttpLogWriter [http-nio-9999-exec-9] Incoming Request: e804da03aaa18917
Remote: 127.0.0.1
GET http://localhost:9999/images/favicon.png HTTP/1.1
accept: image/avif,image/webp,*/*
accept-encoding: gzip, deflate
accept-language: ru-RU,ru;q=0.8,en-US;q=0.5,en;q=0.3
connection: keep-alive
cookie: Idea-eb639721=01caabfa-acb7-4914-a17b-dece45e9d1e8; JSESSIONID=486F64E7C850B81132677076325CB39D; XSRF-TOKEN=fa250736-c605-47c5-bfcc-75e67d3191c1; PHPSESSID=ba6fb272dde09103b290e203c6b75876; SQLiteManager_currentLangue=2
dnt: 1
host: localhost:9999
referer: http://localhost:9999/registration
sec-fetch-dest: image
sec-fetch-mode: no-cors
sec-fetch-site: same-origin
user-agent: Mozilla/5.0 (Windows NT 10.0; Win64; x64; rv:76.0) Gecko/20100101 Firefox/76.0 SEB
2022-02-18 22:37:00,816 TRACE org.zalando.logbook.DefaultHttpLogWriter [http-nio-9999-exec-9] Incoming Request: e804da03aaa18917
Remote: 127.0.0.1
GET http://localhost:9999/images/favicon.png HTTP/1.1
accept: image/avif,image/webp,*/*
accept-encoding: gzip, deflate
accept-language: ru-RU,ru;q=0.8,en-US;q=0.5,en;q=0.3
connection: keep-alive
cookie: Idea-eb639721=01caabfa-acb7-4914-a17b-dece45e9d1e8; JSESSIONID=486F64E7C850B81132677076325CB39D; XSRF-TOKEN=fa250736-c605-47c5-bfcc-75e67d3191c1; PHPSESSID=ba6fb272dde09103b290e203c6b75876; SQLiteManager_currentLangue=2
dnt: 1
host: localhost:9999
referer: http://localhost:9999/registration
sec-fetch-dest: image
sec-fetch-mode: no-cors
sec-fetch-site: same-origin
user-agent: Mozilla/5.0 (Windows NT 10.0; Win64; x64; rv:76.0) Gecko/20100101 Firefox/76.0 SEB
2022-02-18 22:37:00,819 TRACE org.zalando.logbook.DefaultHttpLogWriter [http-nio-9999-exec-9] Outgoing Response: e804da03aaa18917
Duration: 3 ms
HTTP/1.1 200 OK
Accept-Ranges: bytes
Cache-Control: no-cache, no-store, max-age=0, must-revalidate
Connection: keep-alive
Content-Length: 151129
Content-Type: image/png
Date: Fri, 18 Feb 2022 16:37:00 GMT
Expires: 0
Keep-Alive: timeout=60
Last-Modified: Fri, 18 Feb 2022 12:16:13 GMT
Pragma: no-cache
Vary: Origin, Access-Control-Request-Method, Access-Control-Request-Headers
X-Content-Type-Options: nosniff
X-Frame-Options: DENY
X-XSS-Protection: 1; mode=block

<binary>
2022-02-18 22:37:00,819 TRACE org.zalando.logbook.DefaultHttpLogWriter [http-nio-9999-exec-9] Outgoing Response: e804da03aaa18917
Duration: 3 ms
HTTP/1.1 200 OK
Accept-Ranges: bytes
Cache-Control: no-cache, no-store, max-age=0, must-revalidate
Connection: keep-alive
Content-Length: 151129
Content-Type: image/png
Date: Fri, 18 Feb 2022 16:37:00 GMT
Expires: 0
Keep-Alive: timeout=60
Last-Modified: Fri, 18 Feb 2022 12:16:13 GMT
Pragma: no-cache
Vary: Origin, Access-Control-Request-Method, Access-Control-Request-Headers
X-Content-Type-Options: nosniff
X-Frame-Options: DENY
X-XSS-Protection: 1; mode=block

<binary>
2022-02-18 22:37:21,421 INFO org.springframework.web.socket.config.WebSocketMessageBrokerStats [MessageBroker-1] WebSocketSession[0 current WS(0)-HttpStream(0)-HttpPoll(0), 0 total, 0 closed abnormally (0 connect failure, 0 send limit, 0 transport error)], stompSubProtocol[processed CONNECT(0)-CONNECTED(0)-DISCONNECT(0)], stompBrokerRelay[null], inboundChannel[pool size = 0, active threads = 0, queued tasks = 0, completed tasks = 0], outboundChannel[pool size = 0, active threads = 0, queued tasks = 0, completed tasks = 0], sockJsScheduler[pool size = 1, active threads = 1, queued tasks = 0, completed tasks = 0]
